{"C:\\Users\\josep\\Documents\\mtl-ore-ero\\ore-ero\\_site\\assets\\js\\src\\date.js": {"path":"C:\\Users\\josep\\Documents\\mtl-ore-ero\\ore-ero\\_site\\assets\\js\\src\\date.js","statementMap":{"0":{"start":{"line":3,"column":0},"end":{"line":18,"column":1}},"1":{"start":{"line":4,"column":10},"end":{"line":4,"column":20}},"2":{"start":{"line":6,"column":14},"end":{"line":6,"column":30}},"3":{"start":{"line":7,"column":12},"end":{"line":7,"column":23}},"4":{"start":{"line":9,"column":2},"end":{"line":17,"column":4}}},"fnMap":{"0":{"name":"(anonymous_0)","decl":{"start":{"line":3,"column":19},"end":{"line":3,"column":20}},"loc":{"start":{"line":3,"column":25},"end":{"line":18,"column":1}},"line":3}},"branchMap":{"0":{"loc":{"start":{"line":12,"column":5},"end":{"line":12,"column":26}},"type":"cond-expr","locations":[{"start":{"line":12,"column":18},"end":{"line":12,"column":21}},{"start":{"line":12,"column":24},"end":{"line":12,"column":26}}],"line":12},"1":{"loc":{"start":{"line":15,"column":5},"end":{"line":15,"column":24}},"type":"cond-expr","locations":[{"start":{"line":15,"column":16},"end":{"line":15,"column":19}},{"start":{"line":15,"column":22},"end":{"line":15,"column":24}}],"line":15}},"s":{"0":1,"1":1,"2":1,"3":1,"4":1},"f":{"0":1},"b":{"0":[1,0],"1":[0,1]},"_coverageSchema":"1a1c01bbd47fc00a2c39e90264f33305004495a9","hash":"ad3507a1a88456637be187b422d325b7428b96fc"}
,"C:\\Users\\josep\\Documents\\mtl-ore-ero\\ore-ero\\assets\\js\\src\\date.js": {"path":"C:\\Users\\josep\\Documents\\mtl-ore-ero\\ore-ero\\assets\\js\\src\\date.js","statementMap":{"0":{"start":{"line":3,"column":0},"end":{"line":18,"column":1}},"1":{"start":{"line":4,"column":10},"end":{"line":4,"column":20}},"2":{"start":{"line":6,"column":14},"end":{"line":6,"column":30}},"3":{"start":{"line":7,"column":12},"end":{"line":7,"column":23}},"4":{"start":{"line":9,"column":2},"end":{"line":17,"column":4}}},"fnMap":{"0":{"name":"(anonymous_0)","decl":{"start":{"line":3,"column":19},"end":{"line":3,"column":20}},"loc":{"start":{"line":3,"column":25},"end":{"line":18,"column":1}},"line":3}},"branchMap":{"0":{"loc":{"start":{"line":12,"column":5},"end":{"line":12,"column":26}},"type":"cond-expr","locations":[{"start":{"line":12,"column":18},"end":{"line":12,"column":21}},{"start":{"line":12,"column":24},"end":{"line":12,"column":26}}],"line":12},"1":{"loc":{"start":{"line":15,"column":5},"end":{"line":15,"column":24}},"type":"cond-expr","locations":[{"start":{"line":15,"column":16},"end":{"line":15,"column":19}},{"start":{"line":15,"column":22},"end":{"line":15,"column":24}}],"line":15}},"s":{"0":1,"1":1,"2":1,"3":1,"4":1},"f":{"0":1},"b":{"0":[1,0],"1":[0,1]},"_coverageSchema":"1a1c01bbd47fc00a2c39e90264f33305004495a9","hash":"0ae2a1c1df1cffb1c666e01b9bc196b7b4a079c5"}
}
