{"C:\\Users\\josep\\Documents\\mtl-ore-ero\\ore-ero\\_site\\assets\\js\\src\\date.js": {"path":"C:\\Users\\josep\\Documents\\mtl-ore-ero\\ore-ero\\_site\\assets\\js\\src\\date.js","statementMap":{"0":{"start":{"line":4,"column":10},"end":{"line":4,"column":20}},"1":{"start":{"line":6,"column":14},"end":{"line":6,"column":30}},"2":{"start":{"line":7,"column":12},"end":{"line":7,"column":23}},"3":{"start":{"line":9,"column":2},"end":{"line":17,"column":4}},"4":{"start":{"line":20,"column":0},"end":{"line":22,"column":2}},"5":{"start":{"line":21,"column":2},"end":{"line":21,"column":20}}},"fnMap":{"0":{"name":"getToday","decl":{"start":{"line":3,"column":9},"end":{"line":3,"column":17}},"loc":{"start":{"line":3,"column":20},"end":{"line":18,"column":1}},"line":3},"1":{"name":"(anonymous_1)","decl":{"start":{"line":20,"column":23},"end":{"line":20,"column":24}},"loc":{"start":{"line":20,"column":29},"end":{"line":22,"column":1}},"line":20}},"branchMap":{"0":{"loc":{"start":{"line":12,"column":5},"end":{"line":12,"column":26}},"type":"cond-expr","locations":[{"start":{"line":12,"column":18},"end":{"line":12,"column":21}},{"start":{"line":12,"column":24},"end":{"line":12,"column":26}}],"line":12},"1":{"loc":{"start":{"line":15,"column":5},"end":{"line":15,"column":24}},"type":"cond-expr","locations":[{"start":{"line":15,"column":16},"end":{"line":15,"column":19}},{"start":{"line":15,"column":22},"end":{"line":15,"column":24}}],"line":15}},"s":{"0":2,"1":2,"2":2,"3":2,"4":1,"5":2},"f":{"0":2,"1":2},"b":{"0":[2,0],"1":[0,2]},"_coverageSchema":"1a1c01bbd47fc00a2c39e90264f33305004495a9","hash":"4780dfb14b07f8575e0cd0f457bfff7894094207"}
,"C:\\Users\\josep\\Documents\\mtl-ore-ero\\ore-ero\\assets\\js\\src\\date.js": {"path":"C:\\Users\\josep\\Documents\\mtl-ore-ero\\ore-ero\\assets\\js\\src\\date.js","statementMap":{"0":{"start":{"line":4,"column":10},"end":{"line":4,"column":20}},"1":{"start":{"line":6,"column":14},"end":{"line":6,"column":30}},"2":{"start":{"line":7,"column":12},"end":{"line":7,"column":23}},"3":{"start":{"line":9,"column":2},"end":{"line":17,"column":4}},"4":{"start":{"line":20,"column":0},"end":{"line":22,"column":2}},"5":{"start":{"line":21,"column":2},"end":{"line":21,"column":20}}},"fnMap":{"0":{"name":"getToday","decl":{"start":{"line":3,"column":9},"end":{"line":3,"column":17}},"loc":{"start":{"line":3,"column":20},"end":{"line":18,"column":1}},"line":3},"1":{"name":"(anonymous_1)","decl":{"start":{"line":20,"column":23},"end":{"line":20,"column":24}},"loc":{"start":{"line":20,"column":29},"end":{"line":22,"column":1}},"line":20}},"branchMap":{"0":{"loc":{"start":{"line":12,"column":5},"end":{"line":12,"column":26}},"type":"cond-expr","locations":[{"start":{"line":12,"column":18},"end":{"line":12,"column":21}},{"start":{"line":12,"column":24},"end":{"line":12,"column":26}}],"line":12},"1":{"loc":{"start":{"line":15,"column":5},"end":{"line":15,"column":24}},"type":"cond-expr","locations":[{"start":{"line":15,"column":16},"end":{"line":15,"column":19}},{"start":{"line":15,"column":22},"end":{"line":15,"column":24}}],"line":15}},"s":{"0":2,"1":2,"2":2,"3":2,"4":1,"5":2},"f":{"0":2,"1":2},"b":{"0":[2,0],"1":[0,2]},"_coverageSchema":"1a1c01bbd47fc00a2c39e90264f33305004495a9","hash":"e1a039540a21d9299ab75c93035f92c220b48c5c"}
}
