TN:
SF:_site/assets/js/src/date.js
FN:3,getToday
FN:20,(anonymous_1)
FNF:2
FNH:2
FNDA:2,getToday
FNDA:2,(anonymous_1)
DA:4,2
DA:6,2
DA:7,2
DA:9,2
DA:20,1
DA:21,2
LF:6
LH:6
BRDA:12,0,0,2
BRDA:12,0,1,0
BRDA:15,1,0,0
BRDA:15,1,1,2
BRF:4
BRH:2
end_of_record
TN:
SF:assets/js/src/date.js
FN:3,getToday
FN:20,(anonymous_1)
FNF:2
FNH:2
FNDA:2,getToday
FNDA:2,(anonymous_1)
DA:4,2
DA:6,2
DA:7,2
DA:9,2
DA:20,1
DA:21,2
LF:6
LH:6
BRDA:12,0,0,2
BRDA:12,0,1,0
BRDA:15,1,0,0
BRDA:15,1,1,2
BRF:4
BRH:2
end_of_record
